<?xml version="1.0" encoding="UTF-8"?>
<testsuite name="AppTest" tests="7" skipped="0" failures="0" errors="0" timestamp="2016-02-12T17:20:32" hostname="epicodus-30.local" time="0.314">
  <properties/>
  <testcase name="vowelReplacer_turnsEIntoDash_changedString" classname="AppTest" time="0.003"/>
  <testcase name="vowelReplacer_isCaseInsensitive_changedString" classname="AppTest" time="0.001"/>
  <testcase name="rootTest" classname="AppTest" time="0.284"/>
  <testcase name="vowelReplacer_returnsString_string" classname="AppTest" time="0.002"/>
  <testcase name="vowelReplacer_replacesMultipleVowels_changedString" classname="AppTest" time="0.0"/>
  <testcase name="vowelReplace_doesNotInterfereWithPunctuation_changedString" classname="AppTest" time="0.0"/>
  <testcase name="vowelReplacer_replacesAllVowels_changedString" classname="AppTest" time="0.0"/>
  <system-out><![CDATA[]]></system-out>
  <system-err><![CDATA[[Thread-4] INFO spark.webserver.SparkServer - == Spark has ignited ...
[Thread-4] INFO spark.webserver.SparkServer - >> Listening on 0.0.0.0:4567
[Thread-4] INFO org.eclipse.jetty.server.Server - jetty-9.0.2.v20130417
[Thread-4] INFO org.eclipse.jetty.server.ServerConnector - Started ServerConnector@2a6818a2{HTTP/1.1}{0.0.0.0:4567}
[Test worker] INFO spark.webserver.SparkServer - >>> Spark shutting down ...
[Test worker] INFO org.eclipse.jetty.server.Server - Graceful shutdown org.eclipse.jetty.server.Server@1c35f4e5 by 
[Test worker] INFO org.eclipse.jetty.server.ServerConnector - Stopped ServerConnector@2a6818a2{HTTP/1.1}{0.0.0.0:4567}
[Test worker] INFO spark.webserver.SparkServer - done
]]></system-err>
</testsuite>
