<?xml version="1.0" encoding="UTF-8"?>
<testsuite name="AppTest" tests="5" skipped="0" failures="0" errors="0" timestamp="2016-02-12T16:57:03" hostname="epicodus-30.local" time="0.172">
  <properties/>
  <testcase name="vowelReplacer_turnsEIntoDash_changedString" classname="AppTest" time="0.003"/>
  <testcase name="rootTest" classname="AppTest" time="0.15"/>
  <testcase name="vowelReplacer_returnsString_string" classname="AppTest" time="0.0"/>
  <testcase name="vowelReplacer_replacesMultipleVowels_changedString" classname="AppTest" time="0.0"/>
  <testcase name="vowelReplacer_replacesAllVowels_changedString" classname="AppTest" time="0.0"/>
  <system-out><![CDATA[]]></system-out>
  <system-err><![CDATA[]]></system-err>
</testsuite>
